2026-04-22 23:54:32 [main] INFO  Util - ----configurando postgresql
2026-04-22 23:54:34 [main] WARN  pooling - HHH10001002: Using built-in connection pool (not intended for production use)
2026-04-22 23:54:40 [main] INFO  Util - -------- conectou banco de dados
2026-04-22 23:54:41 [main] DEBUG SQL - 
    select
        p1_0.id,
        p1_0.DTYPE,
        p1_0.dtnascimento,
        p1_0.nome,
        p1_0.nota 
    from
        Pessoa p1_0
2026-04-22 23:54:41 [main] DEBUG SQL - 
    select
        t1_0.pessoa_id,
        t1_0.id,
        t1_0.numero 
    from
        Telefone t1_0 
    where
        t1_0.pessoa_id=?
2026-04-22 23:54:41 [main] TRACE bind - binding parameter (1:INTEGER) <- [1]
2026-04-22 23:54:41 [main] DEBUG SQL - 
    select
        a1_0.Pessoa_id,
        a1_0.apelidos 
    from
        Pessoa_apelidos a1_0 
    where
        a1_0.Pessoa_id=?
2026-04-22 23:54:41 [main] TRACE bind - binding parameter (1:INTEGER) <- [1]
2026-04-22 23:54:41 [main] DEBUG SQL - 
    select
        t1_0.pessoa_id,
        t1_0.id,
        t1_0.numero 
    from
        Telefone t1_0 
    where
        t1_0.pessoa_id=?
2026-04-22 23:54:41 [main] TRACE bind - binding parameter (1:INTEGER) <- [2]
2026-04-22 23:54:41 [main] DEBUG SQL - 
    select
        a1_0.Pessoa_id,
        a1_0.apelidos 
    from
        Pessoa_apelidos a1_0 
    where
        a1_0.Pessoa_id=?
2026-04-22 23:54:41 [main] TRACE bind - binding parameter (1:INTEGER) <- [2]
2026-04-22 23:54:41 [main] DEBUG SQL - 
    select
        t1_0.pessoa_id,
        t1_0.id,
        t1_0.numero 
    from
        Telefone t1_0 
    where
        t1_0.pessoa_id=?
2026-04-22 23:54:41 [main] TRACE bind - binding parameter (1:INTEGER) <- [3]
2026-04-22 23:54:41 [main] DEBUG SQL - 
    select
        a1_0.Pessoa_id,
        a1_0.apelidos 
    from
        Pessoa_apelidos a1_0 
    where
        a1_0.Pessoa_id=?
2026-04-22 23:54:41 [main] TRACE bind - binding parameter (1:INTEGER) <- [3]
2026-04-22 23:54:41 [main] DEBUG SQL - 
    select
        t1_0.pessoa_id,
        t1_0.id,
        t1_0.numero 
    from
        Telefone t1_0 
    where
        t1_0.pessoa_id=?
2026-04-22 23:54:41 [main] TRACE bind - binding parameter (1:INTEGER) <- [4]
2026-04-22 23:54:41 [main] DEBUG SQL - 
    select
        a1_0.Pessoa_id,
        a1_0.apelidos 
    from
        Pessoa_apelidos a1_0 
    where
        a1_0.Pessoa_id=?
2026-04-22 23:54:41 [main] TRACE bind - binding parameter (1:INTEGER) <- [4]
2026-04-22 23:54:41 [main] DEBUG SQL - 
    select
        t1_0.pessoa_id,
        t1_0.id,
        t1_0.numero 
    from
        Telefone t1_0 
    where
        t1_0.pessoa_id=?
2026-04-22 23:54:41 [main] TRACE bind - binding parameter (1:INTEGER) <- [5]
2026-04-22 23:54:41 [main] DEBUG SQL - 
    select
        a1_0.Pessoa_id,
        a1_0.apelidos 
    from
        Pessoa_apelidos a1_0 
    where
        a1_0.Pessoa_id=?
2026-04-22 23:54:41 [main] TRACE bind - binding parameter (1:INTEGER) <- [5]
2026-04-22 23:54:41 [main] DEBUG SQL - 
    select
        a1_0.id,
        a1_0.dtnascimento,
        a1_0.nome,
        a1_0.nota 
    from
        Pessoa a1_0 
    where
        a1_0.DTYPE='Aluno'
2026-04-22 23:54:41 [main] DEBUG SQL - 
    select
        t1_0.id,
        t1_0.numero,
        t1_0.pessoa_id 
    from
        Telefone t1_0 
    order by
        t1_0.id
